Error: page.waitForTimeout is not a function
Debug: SELECTOR set to page.waitForTimeout is not a function
linkedin-name-selector@ /home/runner/work/linkedin-name-selector/linkedin-name-selector
└── puppeteer@24.6.0

Latest selector: .authwall-join-form__title
Debug: SELECTOR set to .authwall-join-form__title
linkedin-name-selector@ /home/runner/work/linkedin-name-selector/linkedin-name-selector
└── puppeteer@24.6.0

Page title: Satya Nadella - Chairman and CEO - Microsoft | LinkedIn
Page content snippet: 
<!----><!----><!---->
        
        
<!---->
    
      
    

    <a href="#main-content" class="skip-link btn-md btn-primary absolute z-11 -top-[100vh] focus:top-0" aria-hidden="true">
      Skip to main content
    </a>
  
    <header class="header base-detail-page__header px-mobile-container-padding bg-color-background-container global-alert-offset sticky-header" aria-hidden="true">
      
        

    
    
    
    

    <nav class="nav pt-1.5 pb-2 flex items-center justify-between re
Latest selector: .top-card-layout__title.font-sans.text-lg.papabear:text-xl.font-bold.leading-open.text-color-text.mb-0
Debug: SELECTOR set to .authwall-join-form--title.top-card-layout--title.font-sans.text-lg.papabear-text-xl.font-bold.leading-open.text-color-text.mb-0
linkedin-name-selector@ /home/runner/work/linkedin-name-selector/linkedin-name-selector
└── puppeteer@24.6.0

Page title: Satya Nadella - Chairman and CEO - Microsoft | LinkedIn
Page content snippet: 
<!----><!----><!---->
        
        
<!---->
    
      
    

    <a href="#main-content" class="skip-link btn-md btn-primary absolute z-11 -top-[100vh] focus:top-0" aria-hidden="true">
      Skip to main content
    </a>
  
    <header class="header base-detail-page__header px-mobile-container-padding bg-color-background-container global-alert-offset sticky-header" aria-hidden="true">
      
        

    
    
    
    

    <nav class="nav pt-1.5 pb-2 flex items-center justify-between re
Dismiss button found, clicking...
Page title after dismiss: Satya Nadella - Chairman and CEO - Microsoft | LinkedIn
Page content snippet after dismiss: 
<!----><!----><!---->
        
        
<!---->
    
      
    

    <a href="#main-content" class="skip-link btn-md btn-primary absolute z-11 -top-[100vh] focus:top-0">
      Skip to main content
    </a>
  
    <header class="header base-detail-page__header px-mobile-container-padding bg-color-background-container global-alert-offset sticky-header">
      
        

    
    
    
    

    <nav class="nav pt-1.5 pb-2 flex items-center justify-between relative flex-nowrap babymamabear:py-1.5
Latest selector: .top-card-layout__title.font-sans.text-lg.papabear:text-xl.font-bold.leading-open.text-color-text.mb-0
Debug: SELECTOR set to .authwall-join-form--title.top-card-layout--title.font-sans.text-lg.papabear-text-xl.font-bold.leading-open.text-color-text.mb-0.top-card-layout--title.font-sans.text-lg.papabear-text-xl.font-bold.leading-open.text-color-text.mb-0
linkedin-name-selector@ /home/runner/work/linkedin-name-selector/linkedin-name-selector
└── puppeteer@24.6.0

Page title: Sign Up | LinkedIn
Page content snippet: 
<!----><!----><!---->
        
      
    
    
    
    <form class="google-auth" action="/uas/login-submit" method="post">
      <input name="loginCsrfParam" value="06061cd6-820b-4c29-8be0-f2ed4ee74337" type="hidden">
        <input name="session_redirect" value="/authwall" type="hidden">
      <input name="trk" value="seo-authwall-base_google-one-tap-submit" type="hidden">
        <div class="google-one-tap__module hidden fixed flex flex-col items-center top-[20px] right-[20px] z-[9999]">
  
Dismiss button not found or click failed: Waiting for selector `button[data-tracking-control-name="public_profile_contextual-sign-in-modal_modal_dismiss"]` failed: Waiting failed: 5000ms exceeded
Page title after dismiss: Sign Up | LinkedIn
Page content snippet after dismiss: 
<!----><!----><!---->
        
      
    
    
    
    <form class="google-auth" action="/uas/login-submit" method="post">
      <input name="loginCsrfParam" value="06061cd6-820b-4c29-8be0-f2ed4ee74337" type="hidden">
        <input name="session_redirect" value="/authwall" type="hidden">
      <input name="trk" value="seo-authwall-base_google-one-tap-submit" type="hidden">
        <div class="google-one-tap__module hidden fixed flex flex-col items-center top-[20px] right-[20px] z-[9999]">
  
Latest selector: Selector not found
Debug: SELECTOR set to .authwall-join-form--title.top-card-layout--title.font-sans.text-lg.papabear-text-xl.font-bold.leading-open.text-color-text.mb-0.top-card-layout--title.font-sans.text-lg.papabear-text-xl.font-bold.leading-open.text-color-text.mb-0Selectornotfound
linkedin-name-selector@ /home/runner/work/linkedin-name-selector/linkedin-name-selector
└── puppeteer@24.6.0

Page title: Satya Nadella - Chairman and CEO - Microsoft | LinkedIn
Page content snippet: 
<!----><!----><!---->
        
        
<!---->
    
      
    

    <a href="#main-content" class="skip-link btn-md btn-primary absolute z-11 -top-[100vh] focus:top-0" aria-hidden="true">
      Skip to main content
    </a>
  
    <header class="header base-detail-page__header px-mobile-container-padding bg-color-background-container global-alert-offset sticky-header" aria-hidden="true">
      
        

    
    
    
    

    <nav class="nav pt-1.5 pb-2 flex items-center justify-between re
Dismiss button found, clicking...
Page title after dismiss: Satya Nadella - Chairman and CEO - Microsoft | LinkedIn
Page content snippet after dismiss: 
<!----><!----><!---->
        
        
<!---->
    
      
    

    <a href="#main-content" class="skip-link btn-md btn-primary absolute z-11 -top-[100vh] focus:top-0">
      Skip to main content
    </a>
  
    <header class="header base-detail-page__header px-mobile-container-padding bg-color-background-container global-alert-offset sticky-header">
      
        

    
    
    
    

    <nav class="nav pt-1.5 pb-2 flex items-center justify-between relative flex-nowrap babymamabear:py-1.5
Latest selector: .top-card-layout__title.font-sans.text-lg.papabear:text-xl.font-bold.leading-open.text-color-text.mb-0
Debug: SELECTOR set to .authwall-join-form--title.top-card-layout--title.font-sans.text-lg.papabear-text-xl.font-bold.leading-open.text-color-text.mb-0.top-card-layout--title.font-sans.text-lg.papabear-text-xl.font-bold.leading-open.text-color-text.mb-0Selectornotfound.top-card-layout--title.font-sans.text-lg.papabear-text-xl.font-bold.leading-open.text-color-text.mb-0
linkedin-name-selector@ /home/runner/work/linkedin-name-selector/linkedin-name-selector
└── puppeteer@24.6.0

Page title: Satya Nadella - Chairman and CEO - Microsoft | LinkedIn
Page content snippet: 
<!----><!----><!---->
        
        
<!---->
    
      
    

    <a href="#main-content" class="skip-link btn-md btn-primary absolute z-11 -top-[100vh] focus:top-0" aria-hidden="true">
      Skip to main content
    </a>
  
    <header class="header base-detail-page__header px-mobile-container-padding bg-color-background-container global-alert-offset sticky-header" aria-hidden="true">
      
        

    
    
    
    

    <nav class="nav pt-1.5 pb-2 flex items-center justify-between re
Dismiss button found, clicking...
Page title after dismiss: Satya Nadella - Chairman and CEO - Microsoft | LinkedIn
Page content snippet after dismiss: 
<!----><!----><!---->
        
        
<!---->
    
      
    

    <a href="#main-content" class="skip-link btn-md btn-primary absolute z-11 -top-[100vh] focus:top-0">
      Skip to main content
    </a>
  
    <header class="header base-detail-page__header px-mobile-container-padding bg-color-background-container global-alert-offset sticky-header">
      
        

    
    
    
    

    <nav class="nav pt-1.5 pb-2 flex items-center justify-between relative flex-nowrap babymamabear:py-1.5
Latest selector: .top-card-layout__title.font-sans.text-lg.papabear:text-xl.font-bold.leading-open.text-color-text.mb-0
Debug: SELECTOR set to .authwall-join-form--title.top-card-layout--title.font-sans.text-lg.papabear-text-xl.font-bold.leading-open.text-color-text.mb-0.top-card-layout--title.font-sans.text-lg.papabear-text-xl.font-bold.leading-open.text-color-text.mb-0Selectornotfound.top-card-layout--title.font-sans.text-lg.papabear-text-xl.font-bold.leading-open.text-color-text.mb-0.top-card-layout--title.font-sans.text-lg.papabear-text-xl.font-bold.leading-open.text-color-text.mb-0
linkedin-name-selector@ /home/runner/work/linkedin-name-selector/linkedin-name-selector
└── puppeteer@24.6.0

Initial load screenshot saved as screenshots/initial_load.png
Page title: Satya Nadella - Chairman and CEO - Microsoft | LinkedIn
Page content snippet: 
<!----><!----><!---->
        
        
<!---->
    
      
    

    <a href="#main-content" class="skip-link btn-md btn-primary absolute z-11 -top-[100vh] focus:top-0" aria-hidden="true">
      Skip to main content
    </a>
  
    <header class="header base-detail-page__header px-mobile-container-padding bg-color-background-container global-alert-offset sticky-header" aria-hidden="true">
      
        

    
    
    
    

    <nav class="nav pt-1.5 pb-2 flex items-center justify-between re
Dismiss button found, clicking...
After dismiss screenshot saved as screenshots/after_dismiss.png
Page title after dismiss: Satya Nadella - Chairman and CEO - Microsoft | LinkedIn
Page content snippet after dismiss: 
<!----><!----><!---->
        
        
<!---->
    
      
    

    <a href="#main-content" class="skip-link btn-md btn-primary absolute z-11 -top-[100vh] focus:top-0">
      Skip to main content
    </a>
  
    <header class="header base-detail-page__header px-mobile-container-padding bg-color-background-container global-alert-offset sticky-header">
      
        

    
    
    
    

    <nav class="nav pt-1.5 pb-2 flex items-center justify-between relative flex-nowrap babymamabear:py-1.5
Latest selector: .top-card-layout__title.font-sans.text-lg.papabear:text-xl.font-bold.leading-open.text-color-text.mb-0
Debug: SELECTOR set to .authwall-join-form--title.top-card-layout--title.font-sans.text-lg.papabear-text-xl.font-bold.leading-open.text-color-text.mb-0.top-card-layout--title.font-sans.text-lg.papabear-text-xl.font-bold.leading-open.text-color-text.mb-0Selectornotfound.top-card-layout--title.font-sans.text-lg.papabear-text-xl.font-bold.leading-open.text-color-text.mb-0.top-card-layout--title.font-sans.text-lg.papabear-text-xl.font-bold.leading-open.text-color-text.mb-0.top-card-layout--title.font-sans.text-lg.papabear-text-xl.font-bold.leading-open.text-color-text.mb-0
linkedin-name-selector@ /home/runner/work/linkedin-name-selector/linkedin-name-selector
└── puppeteer@24.6.0

Initial load screenshot saved as screenshots/initial_load.png
Page title: Satya Nadella - Chairman and CEO - Microsoft | LinkedIn
Page content snippet: 
<!----><!----><!---->
        
        
<!---->
    
      
    

    <a href="#main-content" class="skip-link btn-md btn-primary absolute z-11 -top-[100vh] focus:top-0" aria-hidden="true">
      Skip to main content
    </a>
  
    <header class="header base-detail-page__header px-mobile-container-padding bg-color-background-container global-alert-offset sticky-header" aria-hidden="true">
      
        

    
    
    
    

    <nav class="nav pt-1.5 pb-2 flex items-center justify-between re
Dismiss button found, clicking...
After dismiss screenshot saved as screenshots/after_dismiss.png
Page title after dismiss: Satya Nadella - Chairman and CEO - Microsoft | LinkedIn
Page content snippet after dismiss: 
<!----><!----><!---->
        
        
<!---->
    
      
    

    <a href="#main-content" class="skip-link btn-md btn-primary absolute z-11 -top-[100vh] focus:top-0">
      Skip to main content
    </a>
  
    <header class="header base-detail-page__header px-mobile-container-padding bg-color-background-container global-alert-offset sticky-header">
      
        

    
    
    
    

    <nav class="nav pt-1.5 pb-2 flex items-center justify-between relative flex-nowrap babymamabear:py-1.5
Latest selector: .details.mx-details-container-padding
Debug: SELECTOR set to .authwall-join-form--title.top-card-layout--title.font-sans.text-lg.papabear-text-xl.font-bold.leading-open.text-color-text.mb-0.top-card-layout--title.font-sans.text-lg.papabear-text-xl.font-bold.leading-open.text-color-text.mb-0Selectornotfound.top-card-layout--title.font-sans.text-lg.papabear-text-xl.font-bold.leading-open.text-color-text.mb-0.top-card-layout--title.font-sans.text-lg.papabear-text-xl.font-bold.leading-open.text-color-text.mb-0.top-card-layout--title.font-sans.text-lg.papabear-text-xl.font-bold.leading-open.text-color-text.mb-0.details.mx-details-container-padding
linkedin-name-selector@ /home/runner/work/linkedin-name-selector/linkedin-name-selector
└── puppeteer@24.6.0

Initial load screenshot saved as screenshots/initial_load.png
Page title: Satya Nadella - Chairman and CEO - Microsoft | LinkedIn
Page content snippet: 
<!----><!----><!---->
        
        
<!---->
    
      
    

    <a href="#main-content" class="skip-link btn-md btn-primary absolute z-11 -top-[100vh] focus:top-0" aria-hidden="true">
      Skip to main content
    </a>
  
    <header class="header base-detail-page__header px-mobile-container-padding bg-color-background-container global-alert-offset sticky-header" aria-hidden="true">
      
        

    
    
    
    

    <nav class="nav pt-1.5 pb-2 flex items-center justify-between re
Dismiss button found, clicking...
After dismiss screenshot saved as screenshots/after_dismiss.png
Page title after dismiss: Satya Nadella - Chairman and CEO - Microsoft | LinkedIn
Page content snippet after dismiss: 
<!----><!----><!---->
        
        
<!---->
    
      
    

    <a href="#main-content" class="skip-link btn-md btn-primary absolute z-11 -top-[100vh] focus:top-0">
      Skip to main content
    </a>
  
    <header class="header base-detail-page__header px-mobile-container-padding bg-color-background-container global-alert-offset sticky-header">
      
        

    
    
    
    

    <nav class="nav pt-1.5 pb-2 flex items-center justify-between relative flex-nowrap babymamabear:py-1.5
Latest selector: top-card-layout__title font-sans text-lg papabear:text-xl font-bold leading-open text-color-text mb-0
Debug: SELECTOR set to .authwall-join-form--title.top-card-layout--title.font-sans.text-lg.papabear-text-xl.font-bold.leading-open.text-color-text.mb-0.top-card-layout--title.font-sans.text-lg.papabear-text-xl.font-bold.leading-open.text-color-text.mb-0Selectornotfound.top-card-layout--title.font-sans.text-lg.papabear-text-xl.font-bold.leading-open.text-color-text.mb-0.top-card-layout--title.font-sans.text-lg.papabear-text-xl.font-bold.leading-open.text-color-text.mb-0.top-card-layout--title.font-sans.text-lg.papabear-text-xl.font-bold.leading-open.text-color-text.mb-0.details.mx-details-container-paddingtop-card-layout--titlefont-sanstext-lgpapabear-text-xlfont-boldleading-opentext-color-textmb-0
